[2024-07-11 06:02:58] Login attempt for user: pratik
[2024-07-11 06:02:58] Login failed: User not found: pratik
[2024-07-11 06:09:26] Session data at login start: Array
(
    [registration] => Array
        (
            [username] => pratik
            [email] => pratusyaharsora@gmail.com
            [phone] => 7096441340
            [password] => 12345
            [otp] => 760600
            [otp_time] => 1720670514
        )

    [razorpay_order_id] => order_OXBb6Bxd1wU0VC
    [payment_error] => Missing required data for payment verification
)

[2024-07-11 06:10:31] Session data at login start: Array
(
    [registration] => Array
        (
            [username] => dhruvil
            [email] => pratusyaharsora@gmail.com
            [phone] => 7096441340
            [password] => 4545
            [otp] => 731667
            [otp_time] => 1720670984
        )

    [razorpay_order_id] => order_OXBjDHKviwETLA
    [payment_error] => Missing required data for payment verification
)

[2024-07-11 06:10:35] Session data at login start: Array
(
    [registration] => Array
        (
            [username] => dhruvil
            [email] => pratusyaharsora@gmail.com
            [phone] => 7096441340
            [password] => 4545
            [otp] => 731667
            [otp_time] => 1720670984
        )

    [razorpay_order_id] => order_OXBjDHKviwETLA
    [payment_error] => Missing required data for payment verification
)

[2024-07-11 06:10:35] Login attempt for user: dhruvil
[2024-07-11 06:10:35] User not found: dhruvil
[2024-07-11 06:10:37] Session data at login start: Array
(
    [registration] => Array
        (
            [username] => dhruvil
            [email] => pratusyaharsora@gmail.com
            [phone] => 7096441340
            [password] => 4545
            [otp] => 731667
            [otp_time] => 1720670984
        )

    [razorpay_order_id] => order_OXBjDHKviwETLA
    [payment_error] => Missing required data for payment verification
)

[2024-07-11 06:10:37] Login attempt for user: 
[2024-07-11 06:10:37] User not found: 
[2024-07-11 06:10:45] Session data at login start: Array
(
    [registration] => Array
        (
            [username] => dhruvil
            [email] => pratusyaharsora@gmail.com
            [phone] => 7096441340
            [password] => 4545
            [otp] => 731667
            [otp_time] => 1720670984
        )

    [razorpay_order_id] => order_OXBjDHKviwETLA
    [payment_error] => Missing required data for payment verification
)

[2024-07-11 06:10:45] Login attempt for user: dhruvil
[2024-07-11 06:10:45] User not found: dhruvil
[2024-07-11 06:10:49] Session data at login start: Array
(
    [registration] => Array
        (
            [username] => dhruvil
            [email] => pratusyaharsora@gmail.com
            [phone] => 7096441340
            [password] => 4545
            [otp] => 731667
            [otp_time] => 1720670984
        )

    [razorpay_order_id] => order_OXBjDHKviwETLA
    [payment_error] => Missing required data for payment verification
)

[2024-07-11 06:10:49] Login attempt for user: dhruvil
[2024-07-11 06:10:49] User not found: dhruvil
[2024-07-11 06:11:32] Session data at login start: Array
(
    [registration] => Array
        (
            [username] => dhruvil
            [email] => pratusyaharsora@gmail.com
            [phone] => 7096441340
            [password] => 4545
            [otp] => 731667
            [otp_time] => 1720670984
        )

    [razorpay_order_id] => order_OXBjDHKviwETLA
    [payment_error] => Missing required data for payment verification
)

[2024-07-11 06:18:32] Session data at login start: Array
(
    [registration] => Array
        (
            [username] => dhruvil
            [email] => pratusyaharsora@gmail.com
            [phone] => 7096441340
            [password] => 4545
            [otp] => 731667
            [otp_time] => 1720670984
        )

    [razorpay_order_id] => order_OXBjDHKviwETLA
    [payment_error] => Missing required data for payment verification
)

[2024-07-11 06:18:32] Session data at login start: Array
(
    [registration] => Array
        (
            [username] => dhruvil
            [email] => pratusyaharsora@gmail.com
            [phone] => 7096441340
            [password] => 4545
            [otp] => 731667
            [otp_time] => 1720670984
        )

    [razorpay_order_id] => order_OXBjDHKviwETLA
    [payment_error] => Missing required data for payment verification
)

[2024-07-11 06:18:33] Session data at login start: Array
(
    [registration] => Array
        (
            [username] => dhruvil
            [email] => pratusyaharsora@gmail.com
            [phone] => 7096441340
            [password] => 4545
            [otp] => 731667
            [otp_time] => 1720670984
        )

    [razorpay_order_id] => order_OXBjDHKviwETLA
    [payment_error] => Missing required data for payment verification
)

[2024-07-11 06:18:33] Session data at login start: Array
(
    [registration] => Array
        (
            [username] => dhruvil
            [email] => pratusyaharsora@gmail.com
            [phone] => 7096441340
            [password] => 4545
            [otp] => 731667
            [otp_time] => 1720670984
        )

    [razorpay_order_id] => order_OXBjDHKviwETLA
    [payment_error] => Missing required data for payment verification
)

[2024-07-11 06:18:33] Session data at login start: Array
(
    [registration] => Array
        (
            [username] => dhruvil
            [email] => pratusyaharsora@gmail.com
            [phone] => 7096441340
            [password] => 4545
            [otp] => 731667
            [otp_time] => 1720670984
        )

    [razorpay_order_id] => order_OXBjDHKviwETLA
    [payment_error] => Missing required data for payment verification
)

[2024-07-11 06:18:40] Session data at login start: Array
(
    [registration] => Array
        (
            [username] => dhruvil
            [email] => pratusyaharsora@gmail.com
            [phone] => 7096441340
            [password] => 4545
            [otp] => 731667
            [otp_time] => 1720670984
        )

    [razorpay_order_id] => order_OXBjDHKviwETLA
    [payment_error] => Missing required data for payment verification
)

[2024-07-11 06:19:36] Session data at login start: Array
(
    [registration] => Array
        (
            [username] => dhruvil
            [email] => pratusyaharsora@gmail.com
            [phone] => 7096441340
            [password] => 4545
            [otp] => 591160
            [otp_time] => 1720671532
        )

    [razorpay_order_id] => order_OXBsqs749uTQl9
    [payment_error] => Missing required data for payment verification
)

[2024-07-11 06:19:51] Session data at login start: Array
(
    [registration] => Array
        (
            [username] => dhruvil
            [email] => pratusyaharsora@gmail.com
            [phone] => 7096441340
            [password] => 4545
            [otp] => 591160
            [otp_time] => 1720671532
        )

    [razorpay_order_id] => order_OXBsqs749uTQl9
    [payment_error] => Missing required data for payment verification
)

[2024-07-11 06:19:51] Login attempt for user: d
[2024-07-11 06:19:51] User not found: d
[2024-07-11 06:19:58] Session data at login start: Array
(
    [registration] => Array
        (
            [username] => dhruvil
            [email] => pratusyaharsora@gmail.com
            [phone] => 7096441340
            [password] => 4545
            [otp] => 591160
            [otp_time] => 1720671532
        )

    [razorpay_order_id] => order_OXBsqs749uTQl9
    [payment_error] => Missing required data for payment verification
)

[2024-07-11 06:19:58] Login attempt for user: dhruvil
[2024-07-11 06:19:58] User not found: dhruvil
[2024-07-11 06:19:59] Session data at login start: Array
(
    [registration] => Array
        (
            [username] => dhruvil
            [email] => pratusyaharsora@gmail.com
            [phone] => 7096441340
            [password] => 4545
            [otp] => 591160
            [otp_time] => 1720671532
        )

    [razorpay_order_id] => order_OXBsqs749uTQl9
    [payment_error] => Missing required data for payment verification
)

[2024-07-11 06:19:59] Login attempt for user: 
[2024-07-11 06:19:59] User not found: 
[2024-07-11 06:19:59] Session data at login start: Array
(
    [registration] => Array
        (
            [username] => dhruvil
            [email] => pratusyaharsora@gmail.com
            [phone] => 7096441340
            [password] => 4545
            [otp] => 591160
            [otp_time] => 1720671532
        )

    [razorpay_order_id] => order_OXBsqs749uTQl9
    [payment_error] => Missing required data for payment verification
)

[2024-07-11 06:19:59] Login attempt for user: 
[2024-07-11 06:19:59] User not found: 
[2024-07-11 06:19:59] Session data at login start: Array
(
    [registration] => Array
        (
            [username] => dhruvil
            [email] => pratusyaharsora@gmail.com
            [phone] => 7096441340
            [password] => 4545
            [otp] => 591160
            [otp_time] => 1720671532
        )

    [razorpay_order_id] => order_OXBsqs749uTQl9
    [payment_error] => Missing required data for payment verification
)

[2024-07-11 06:19:59] Login attempt for user: 
[2024-07-11 06:19:59] User not found: 
[2024-07-11 06:20:00] Session data at login start: Array
(
    [registration] => Array
        (
            [username] => dhruvil
            [email] => pratusyaharsora@gmail.com
            [phone] => 7096441340
            [password] => 4545
            [otp] => 591160
            [otp_time] => 1720671532
        )

    [razorpay_order_id] => order_OXBsqs749uTQl9
    [payment_error] => Missing required data for payment verification
)

[2024-07-11 06:20:00] Login attempt for user: 
[2024-07-11 06:20:00] User not found: 
[2024-07-11 06:20:00] Session data at login start: Array
(
    [registration] => Array
        (
            [username] => dhruvil
            [email] => pratusyaharsora@gmail.com
            [phone] => 7096441340
            [password] => 4545
            [otp] => 591160
            [otp_time] => 1720671532
        )

    [razorpay_order_id] => order_OXBsqs749uTQl9
    [payment_error] => Missing required data for payment verification
)

[2024-07-11 06:20:00] Login attempt for user: 
[2024-07-11 06:20:00] User not found: 
[2024-07-11 06:21:06] Session data at login start: Array
(
    [registration] => Array
        (
            [username] => dhruvil
            [email] => pratusyaharsora@gmail.com
            [phone] => 7096441340
            [password] => 4545
            [otp] => 972815
            [otp_time] => 1720671630
        )

    [razorpay_order_id] => order_OXBuWB71rmT6ZI
    [payment_error] => Missing required data for payment verification
)

[2024-07-11 06:21:30] Session data at login start: Array
(
    [registration] => Array
        (
            [username] => dhruvil
            [email] => pratusyaharsora@gmail.com
            [phone] => 7096441340
            [password] => 4545
            [otp] => 972815
            [otp_time] => 1720671630
        )

    [razorpay_order_id] => order_OXBuWB71rmT6ZI
    [payment_error] => Missing required data for payment verification
)

[2024-07-11 06:21:30] Login attempt for user: dhruvil
[2024-07-11 06:21:30] User not found: dhruvil
[2024-07-11 06:27:12] Session data at login start: Array
(
    [registration] => Array
        (
            [username] => dhruvil
            [email] => pratusyaharsora@gmail.com
            [phone] => 7096441340
            [password] => 4545
            [otp] => 972815
            [otp_time] => 1720671630
        )

    [razorpay_order_id] => order_OXBuWB71rmT6ZI
    [payment_error] => Missing required data for payment verification
)

[2024-07-11 06:27:12] Login attempt for user: dhruvil
[2024-07-11 06:27:12] User not found: dhruvil
[2024-07-11 06:27:18] Session data at login start: Array
(
    [registration] => Array
        (
            [username] => dhruvil
            [email] => pratusyaharsora@gmail.com
            [phone] => 7096441340
            [password] => 4545
            [otp] => 972815
            [otp_time] => 1720671630
        )

    [razorpay_order_id] => order_OXBuWB71rmT6ZI
    [payment_error] => Missing required data for payment verification
)

[2024-07-11 06:27:18] Login attempt for user: dhruvil
[2024-07-11 06:27:18] User not found: dhruvil
[2024-07-11 06:27:22] Session data at login start: Array
(
    [registration] => Array
        (
            [username] => dhruvil
            [email] => pratusyaharsora@gmail.com
            [phone] => 7096441340
            [password] => 4545
            [otp] => 972815
            [otp_time] => 1720671630
        )

    [razorpay_order_id] => order_OXBuWB71rmT6ZI
    [payment_error] => Missing required data for payment verification
)

[2024-07-11 06:28:23] Session data at login start: Array
(
    [registration] => Array
        (
            [username] => dhruvil
            [email] => pratusyaharsora@gmail.com
            [phone] => 7096441340
            [password] => 5656
            [otp] => 631403
            [otp_time] => 1720672055
        )

    [razorpay_order_id] => order_OXC22uRSmGh1nk
    [payment_error] => Missing required data for payment verification
)

[2024-07-11 06:28:27] Session data at login start: Array
(
    [registration] => Array
        (
            [username] => dhruvil
            [email] => pratusyaharsora@gmail.com
            [phone] => 7096441340
            [password] => 5656
            [otp] => 631403
            [otp_time] => 1720672055
        )

    [razorpay_order_id] => order_OXC22uRSmGh1nk
    [payment_error] => Missing required data for payment verification
)

[2024-07-11 06:28:27] Login attempt for user: dhruvil
[2024-07-11 06:28:27] User data from database: Array
(
    [id] => 42
    [username] => dhruvil
    [password] => $2y$10$6NkSV4K.ibsfSw2jFhy.I.BgiqCiFydjJyIYy5xNM0nif/PDFVq1a
    [email] => pratusyaharsora@gmail.com
    [phone] => 7096441340
    [create_datetime] => 0000-00-00 00:00:00
    [verified] => 0
    [verification_token] => 
    [reset_token] => 
    [reset_token_expires] => 
    [payment_status] => 
)

[2024-07-11 06:28:27] Login attempt - Username: dhruvil, Payment Status: 
[2024-07-11 06:28:27] Password verified for user: dhruvil
[2024-07-11 06:28:27] Payment status not paid for user: dhruvil
[2024-07-11 06:35:37] Session data at login start: Array
(
)

[2024-07-11 06:36:00] Session data at login start: Array
(
)

[2024-07-11 06:36:00] Login attempt for user: dhruvil
[2024-07-11 06:36:00] User data from database: Array
(
    [id] => 42
    [username] => dhruvil
    [password] => $2y$10$6NkSV4K.ibsfSw2jFhy.I.BgiqCiFydjJyIYy5xNM0nif/PDFVq1a
    [email] => pratusyaharsora@gmail.com
    [phone] => 7096441340
    [create_datetime] => 0000-00-00 00:00:00
    [verified] => 0
    [verification_token] => 
    [reset_token] => 
    [reset_token_expires] => 
    [payment_status] => 
)

[2024-07-11 06:36:00] Login attempt - Username: dhruvil, Payment Status: 
[2024-07-11 06:36:00] Password verified for user: dhruvil
[2024-07-11 06:36:00] Payment status not paid for user: dhruvil
[2024-07-11 06:36:03] Session data at login start: Array
(
    [username] => dhruvil
    [razorpay_order_id] => order_OXCAbS9IDG5YEb
)

[2024-07-11 06:36:38] Session data at login start: Array
(
    [username] => dhruvil
    [razorpay_order_id] => order_OXCAbS9IDG5YEb
)

[2024-07-11 06:36:42] Session data at login start: Array
(
    [username] => dhruvil
    [razorpay_order_id] => order_OXCAbS9IDG5YEb
)

[2024-07-11 06:36:42] Login attempt for user: dhruvil
[2024-07-11 06:36:42] User data from database: Array
(
    [id] => 42
    [username] => dhruvil
    [password] => $2y$10$6NkSV4K.ibsfSw2jFhy.I.BgiqCiFydjJyIYy5xNM0nif/PDFVq1a
    [email] => pratusyaharsora@gmail.com
    [phone] => 7096441340
    [create_datetime] => 0000-00-00 00:00:00
    [verified] => 0
    [verification_token] => 
    [reset_token] => 
    [reset_token_expires] => 
    [payment_status] => 
)

[2024-07-11 06:36:42] Login attempt - Username: dhruvil, Payment Status: 
[2024-07-11 06:36:42] Password verified for user: dhruvil
[2024-07-11 06:36:42] Payment status not paid for user: dhruvil
[2024-07-11 06:38:43] Session data at login start: Array
(
)

[2024-07-11 06:41:55] Session data at login start: Array
(
)

[2024-07-11 06:41:58] Session data at login start: Array
(
)

[2024-07-11 06:42:59] Session data at login start: Array
(
    [registration] => Array
        (
            [username] => dhruvil
            [email] => pratusyaharsora@gmail.com
            [phone] => 7096441340
            [password] => 3434
            [otp] => 656559
            [otp_time] => 1720672932
        )

    [razorpay_order_id] => order_OXCHXHpN7KVFO4
    [payment_error] => Missing required data for payment verification
)

[2024-07-11 06:43:04] Session data at login start: Array
(
    [registration] => Array
        (
            [username] => dhruvil
            [email] => pratusyaharsora@gmail.com
            [phone] => 7096441340
            [password] => 3434
            [otp] => 656559
            [otp_time] => 1720672932
        )

    [razorpay_order_id] => order_OXCHXHpN7KVFO4
    [payment_error] => Missing required data for payment verification
)

[2024-07-11 06:43:04] Login attempt for user: dhruvil
[2024-07-11 06:43:04] User data from database: Array
(
    [id] => 43
    [username] => dhruvil
    [password] => $2y$10$BsjmLKq91pMEYYuWoFu2Uea8tYxkEvqUU3al5O0NSVUd88acp1ejS
    [email] => pratusyaharsora@gmail.com
    [phone] => 7096441340
    [create_datetime] => 0000-00-00 00:00:00
    [verified] => 0
    [verification_token] => 
    [reset_token] => 
    [reset_token_expires] => 
    [payment_status] => 
)

[2024-07-11 06:43:04] Password verified for user: dhruvil
[2024-07-11 06:43:04] Login successful for user: dhruvil
[2024-07-11 06:52:08] Session data at login start: Array
(
)

[2024-07-11 06:52:14] Session data at login start: Array
(
)

[2024-07-11 06:53:22] Session data at login start: Array
(
    [registration] => Array
        (
            [username] => dhruvil
            [email] => pratusyaharsora@gmail.com
            [phone] => 7096441340
            [password] => 5656
            [otp] => 976569
            [otp_time] => 1720673545
        )

    [razorpay_order_id] => order_OXCSRZtdOfTKKy
    [payment_error] => Missing required data for payment verification
)

[2024-07-11 06:53:28] Session data at login start: Array
(
    [registration] => Array
        (
            [username] => dhruvil
            [email] => pratusyaharsora@gmail.com
            [phone] => 7096441340
            [password] => 5656
            [otp] => 976569
            [otp_time] => 1720673545
        )

    [razorpay_order_id] => order_OXCSRZtdOfTKKy
    [payment_error] => Missing required data for payment verification
)

[2024-07-11 06:53:28] Login attempt for user: dhruvil
[2024-07-11 06:53:28] User data from database: Array
(
    [id] => 44
    [username] => dhruvil
    [password] => $2y$10$.aHkNv5FE1T2AG1XT8LXG.j7uzEqF6.g3dxqlFl81Krnvrkp5hRR.
    [email] => pratusyaharsora@gmail.com
    [phone] => 7096441340
    [create_datetime] => 2024-07-11 06:52:49
    [verified] => 0
    [verification_token] => 1e920af6925a9c5f23e99da30dc46bed
    [reset_token] => 
    [reset_token_expires] => 
    [payment_status] => 
)

[2024-07-11 06:53:28] Unverified user attempted login: dhruvil
[2024-07-11 06:57:45] Session data at login start: Array
(
    [registration] => Array
        (
            [username] => dhruvil
            [email] => pratusyaharsora@gmail.com
            [phone] => 7096441340
            [password] => 5656
            [otp] => 976569
            [otp_time] => 1720673545
        )

    [razorpay_order_id] => order_OXCSRZtdOfTKKy
    [payment_error] => Missing required data for payment verification
)

[2024-07-11 06:57:45] Login attempt for user: dhruvil
[2024-07-11 06:57:45] User data from database: Array
(
    [id] => 44
    [username] => dhruvil
    [password] => $2y$10$.aHkNv5FE1T2AG1XT8LXG.j7uzEqF6.g3dxqlFl81Krnvrkp5hRR.
    [email] => pratusyaharsora@gmail.com
    [phone] => 7096441340
    [create_datetime] => 2024-07-11 06:52:49
    [verified] => 0
    [verification_token] => 1e920af6925a9c5f23e99da30dc46bed
    [reset_token] => 
    [reset_token_expires] => 
    [payment_status] => 
)

[2024-07-11 06:57:45] Password verified for user: dhruvil
[2024-07-11 06:57:45] Login successful for user: dhruvil
[2024-07-11 06:57:48] Session data at login start: Array
(
)

[2024-07-11 06:58:06] Session data at login start: Array
(
)

[2024-07-11 06:59:08] Session data at login start: Array
(
    [registration] => Array
        (
            [username] => dhruvil
            [email] => pratusyaharsora@gmail.com
            [phone] => 7096441340
            [password] => 6767
            [otp] => 649091
            [otp_time] => 1720673898
        )

    [razorpay_order_id] => order_OXCYYV6Q1Yp0Il
    [payment_error] => Missing required data for payment verification
)

[2024-07-11 06:59:13] Session data at login start: Array
(
    [registration] => Array
        (
            [username] => dhruvil
            [email] => pratusyaharsora@gmail.com
            [phone] => 7096441340
            [password] => 6767
            [otp] => 649091
            [otp_time] => 1720673898
        )

    [razorpay_order_id] => order_OXCYYV6Q1Yp0Il
    [payment_error] => Missing required data for payment verification
)

[2024-07-11 06:59:13] Login attempt for user: dhruvil
[2024-07-11 06:59:13] User data from database: Array
(
    [id] => 46
    [username] => dhruvil
    [password] => $2y$10$SykSC6Yla7c0wCU..8NvUe92BCEk.Obg0CcPcdEIvSzRlo5iFnYnC
    [email] => pratusyaharsora@gmail.com
    [phone] => 7096441340
    [create_datetime] => 2024-07-11 06:58:37
    [verified] => 0
    [verification_token] => 
    [reset_token] => 
    [reset_token_expires] => 
    [payment_status] => 
)

[2024-07-11 06:59:13] Password verified for user: dhruvil
[2024-07-11 06:59:13] Login successful for user: dhruvil
[2024-07-11 07:06:25] Session data at login start: Array
(
)

[2024-07-11 07:07:31] Session data at login start: Array
(
    [registration] => Array
        (
            [username] => dhruvil
            [email] => pratusyaharsora@gmail.com
            [phone] => 7096441340
            [password] => 45
            [otp] => 069562
            [otp_time] => 1720674396
        )

    [razorpay_order_id] => order_OXChDks9mfAeAE
    [payment_error] => Missing required data for payment verification
)

[2024-07-11 07:07:38] Session data at login start: Array
(
    [registration] => Array
        (
            [username] => dhruvil
            [email] => pratusyaharsora@gmail.com
            [phone] => 7096441340
            [password] => 45
            [otp] => 069562
            [otp_time] => 1720674396
        )

    [razorpay_order_id] => order_OXChDks9mfAeAE
    [payment_error] => Missing required data for payment verification
)

[2024-07-11 07:07:38] Login attempt for user: dhruvil
[2024-07-11 07:07:38] User data from database: Array
(
    [id] => 47
    [username] => dhruvil
    [password] => $2y$10$rYLGEYNHxFMyeYHGTz1Jg.M4qiCpBJlsORpbkfGwFFq2i/eYxpXFS
    [email] => pratusyaharsora@gmail.com
    [phone] => 7096441340
    [create_datetime] => 2024-07-11 07:06:53
    [verified] => 0
    [verification_token] => 
    [reset_token] => 
    [reset_token_expires] => 
    [payment_status] => 
)

[2024-07-11 07:07:38] Password verified for user: dhruvil
[2024-07-11 07:07:38] Login successful for user: dhruvil
[2024-07-11 07:38:51] Session data at login start: Array
(
)

[2024-07-11 07:41:29] Session data at login start: Array
(
    [registration] => Array
        (
            [username] => yash
            [email] => yashgohel395@gmail.com
            [phone] => 7046547026
            [password] => 123456
            [otp] => 053985
            [otp_time] => 1720676414
        )

    [razorpay_order_id] => order_OXDHCtZpyx5I1N
    [payment_error] => Missing required data for payment verification
)

[2024-07-11 07:41:51] Session data at login start: Array
(
    [registration] => Array
        (
            [username] => yash
            [email] => yashgohel395@gmail.com
            [phone] => 7046547026
            [password] => 123456
            [otp] => 053985
            [otp_time] => 1720676414
        )

    [razorpay_order_id] => order_OXDHCtZpyx5I1N
    [payment_error] => Missing required data for payment verification
)

[2024-07-11 07:41:51] Login attempt for user: yash
[2024-07-11 07:41:51] User data from database: Array
(
    [id] => 48
    [username] => yash
    [password] => $2y$10$HLbCDdCR7VFxDO3/.1.7suaM8kSrSh.Mx7V5bHz85yrd9kt6p6TDW
    [email] => yashgohel395@gmail.com
    [phone] => 7046547026
    [create_datetime] => 2024-07-11 07:40:57
    [verified] => 0
    [verification_token] => 
    [reset_token] => 
    [reset_token_expires] => 
    [payment_status] => 
)

[2024-07-11 07:41:51] Password verified for user: yash
[2024-07-11 07:41:51] Login successful for user: yash
[2024-07-11 08:00:52] Session data at login start: Array
(
)

[2024-07-11 08:01:20] Session data at login start: Array
(
    [registration] => Array
        (
            [username] => pratik
            [email] => pratikharsora41@gmail.com
            [phone] => 7096441340
            [password] => 3434
            [otp] => 700325
            [otp_time] => 1720677671
        )

)

[2024-07-11 08:12:22] Session data at login start: Array
(
    [registration] => Array
        (
            [username] => pratik
            [email] => pratikharsora41@gmail.com
            [phone] => 7096441340
            [password] => 3434
            [otp] => 700325
            [otp_time] => 1720677671
        )

)

[2024-07-11 08:12:22] Session data at login start: Array
(
    [registration] => Array
        (
            [username] => pratik
            [email] => pratikharsora41@gmail.com
            [phone] => 7096441340
            [password] => 3434
            [otp] => 700325
            [otp_time] => 1720677671
        )

)

[2024-07-11 08:12:22] Session data at login start: Array
(
    [registration] => Array
        (
            [username] => pratik
            [email] => pratikharsora41@gmail.com
            [phone] => 7096441340
            [password] => 3434
            [otp] => 700325
            [otp_time] => 1720677671
        )

)

[2024-07-11 08:12:23] Session data at login start: Array
(
    [registration] => Array
        (
            [username] => pratik
            [email] => pratikharsora41@gmail.com
            [phone] => 7096441340
            [password] => 3434
            [otp] => 700325
            [otp_time] => 1720677671
        )

)

[2024-07-11 08:12:50] Session data at login start: Array
(
    [registration] => Array
        (
            [username] => pratik
            [email] => pratusyaharsora@gmail.com
            [phone] => 7096441340
            [password] => 6767
            [otp] => 135866
            [otp_time] => 1720678365
        )

)

[2024-07-11 08:44:12] Session data at login start: Array
(
    [registration] => Array
        (
            [username] => pratik
            [email] => pratusyaharsora@gmail.com
            [phone] => 7096441340
            [password] => 6767
            [otp] => 135866
            [otp_time] => 1720678365
        )

)

[2024-07-11 08:44:17] Session data at login start: Array
(
    [registration] => Array
        (
            [username] => pratik
            [email] => pratusyaharsora@gmail.com
            [phone] => 7096441340
            [password] => 6767
            [otp] => 135866
            [otp_time] => 1720678365
        )

)

[2024-07-11 08:44:30] Session data at login start: Array
(
    [registration] => Array
        (
            [username] => pratik
            [email] => pratusyaharsora@gmail.com
            [phone] => 7096441340
            [password] => 6767
            [otp] => 135866
            [otp_time] => 1720678365
        )

)

[2024-07-11 08:44:30] Login attempt for user: dhruvil
[2024-07-11 08:44:30] User not found: dhruvil
[2024-07-11 08:45:36] Session data at login start: Array
(
    [registration] => Array
        (
            [username] => pratik
            [email] => pratusyaharsora@gmail.com
            [phone] => 7096441340
            [password] => 5656
            [otp] => 046970
            [otp_time] => 1720680285
        )

    [razorpay_order_id] => order_OXEN4flRal3l9o
    [payment_error] => Missing required data for payment verification
)

[2024-07-11 08:45:45] Session data at login start: Array
(
    [registration] => Array
        (
            [username] => pratik
            [email] => pratusyaharsora@gmail.com
            [phone] => 7096441340
            [password] => 5656
            [otp] => 046970
            [otp_time] => 1720680285
        )

    [razorpay_order_id] => order_OXEN4flRal3l9o
    [payment_error] => Missing required data for payment verification
)

[2024-07-11 08:45:45] Login attempt for user: dhruvil
[2024-07-11 08:45:45] User not found: dhruvil
[2024-07-11 08:45:59] Session data at login start: Array
(
    [registration] => Array
        (
            [username] => pratik
            [email] => pratusyaharsora@gmail.com
            [phone] => 7096441340
            [password] => 5656
            [otp] => 046970
            [otp_time] => 1720680285
        )

    [razorpay_order_id] => order_OXEN4flRal3l9o
    [payment_error] => Missing required data for payment verification
)

[2024-07-11 08:45:59] Login attempt for user: pratik
[2024-07-11 08:45:59] User data from database: Array
(
    [id] => 49
    [username] => pratik
    [password] => $2y$10$uK6P4Ia3DfqoYr1wnODZ3uCNqaSJsWuh90aVe3TG5E5kHijcCD.Di
    [email] => pratusyaharsora@gmail.com
    [phone] => 7096441340
    [create_datetime] => 2024-07-11 08:45:10
    [verified] => 0
    [verification_token] => 
    [reset_token] => 
    [reset_token_expires] => 
    [payment_status] => 
)

[2024-07-11 08:45:59] Password verified for user: pratik
[2024-07-11 08:45:59] Login successful for user: pratik
[2024-07-11 08:46:12] Session data at login start: Array
(
    [registration] => Array
        (
            [username] => pratik
            [email] => pratusyaharsora@gmail.com
            [phone] => 7096441340
            [password] => 5656
            [otp] => 046970
            [otp_time] => 1720680285
        )

    [razorpay_order_id] => order_OXEN4flRal3l9o
    [payment_error] => Missing required data for payment verification
    [username] => pratik
    [payment_status] => 
)

[2024-07-11 08:46:21] Session data at login start: Array
(
    [registration] => Array
        (
            [username] => pratik
            [email] => pratusyaharsora@gmail.com
            [phone] => 7096441340
            [password] => 5656
            [otp] => 046970
            [otp_time] => 1720680285
        )

    [razorpay_order_id] => order_OXEN4flRal3l9o
    [payment_error] => Missing required data for payment verification
    [username] => pratik
    [payment_status] => 
)

[2024-07-11 08:53:00] Session data at login start: Array
(
    [registration] => Array
        (
            [username] => pratik
            [email] => pratusyaharsora@gmail.com
            [phone] => 7096441340
            [password] => 5656
            [otp] => 046970
            [otp_time] => 1720680285
        )

    [razorpay_order_id] => order_OXEN4flRal3l9o
    [payment_error] => Missing required data for payment verification
    [username] => pratik
    [payment_status] => 
)

[2024-07-11 08:53:13] Session data at login start: Array
(
    [registration] => Array
        (
            [username] => pratik
            [email] => pratusyaharsora@gmail.com
            [phone] => 7096441340
            [password] => 5656
            [otp] => 046970
            [otp_time] => 1720680285
        )

    [razorpay_order_id] => order_OXEN4flRal3l9o
    [payment_error] => Missing required data for payment verification
    [username] => pratik
    [payment_status] => 
)

[2024-07-11 08:53:13] Login attempt for user: pratik
[2024-07-11 08:53:13] User data from database: Array
(
    [id] => 49
    [username] => pratik
    [password] => $2y$10$uK6P4Ia3DfqoYr1wnODZ3uCNqaSJsWuh90aVe3TG5E5kHijcCD.Di
    [email] => pratusyaharsora@gmail.com
    [phone] => 7096441340
    [create_datetime] => 2024-07-11 08:45:10
    [verified] => 0
    [verification_token] => 
    [reset_token] => 
    [reset_token_expires] => 
    [payment_status] => 
)

[2024-07-11 08:53:13] Password verified for user: pratik
[2024-07-11 08:53:13] Login successful for user: pratik
[2024-07-11 10:29:25] Session data at login start: Array
(
)

[2024-07-11 10:33:30] Session data at login start: Array
(
)

[2024-07-11 10:33:38] Session data at login start: Array
(
)

[2024-07-11 10:33:38] Login attempt for user: pratik
[2024-07-11 10:33:38] User not found: pratik
[2024-07-11 10:41:42] Session data at login start: Array
(
)

[2024-07-11 10:50:02] Session data at login start: Array
(
)

[2024-07-11 10:50:02] Login attempt for user: pratik
[2024-07-11 10:50:02] User not found: pratik
[2024-07-11 10:50:05] Session data at login start: Array
(
)

[2024-07-11 10:51:18] Session data at login start: Array
(
    [registration] => Array
        (
            [username] => pratik
            [email] => pratusyaharsora@gmail.com
            [phone] => 7096441340
            [password] => 123123
            [otp] => 922989
            [otp_time] => 1720687830
        )

    [razorpay_order_id] => order_OXGVoATKOrRnRT
    [payment_error] => Missing required data for payment verification
)

[2024-07-11 10:51:23] Session data at login start: Array
(
    [registration] => Array
        (
            [username] => pratik
            [email] => pratusyaharsora@gmail.com
            [phone] => 7096441340
            [password] => 123123
            [otp] => 922989
            [otp_time] => 1720687830
        )

    [razorpay_order_id] => order_OXGVoATKOrRnRT
    [payment_error] => Missing required data for payment verification
)

[2024-07-11 10:51:23] Login attempt for user: pratik
[2024-07-11 10:51:23] User data from database: Array
(
    [id] => 50
    [username] => pratik
    [password] => $2y$10$456BoxZD7x9X5NCwcPp9ieWoklQ6pBGgFw.UvV0HB6LrheWs0xFpa
    [email] => pratusyaharsora@gmail.com
    [phone] => 7096441340
    [create_datetime] => 2024-07-11 10:50:51
    [verified] => 0
    [verification_token] => 
    [reset_token] => 
    [reset_token_expires] => 
    [payment_status] => 
)

[2024-07-11 10:51:24] Password verified for user: pratik
[2024-07-11 10:51:24] Login successful for user: pratik
[2024-07-11 11:06:54] Session data at login start: Array
(
    [registration] => Array
        (
            [username] => pratik
            [email] => pratusyaharsora@gmail.com
            [phone] => 7096441340
            [password] => 123123
            [otp] => 922989
            [otp_time] => 1720687830
        )

    [razorpay_order_id] => order_OXGVoATKOrRnRT
    [payment_error] => Missing required data for payment verification
    [username] => pratik
    [payment_status] => 
)

[2024-07-11 11:06:58] Session data at login start: Array
(
    [registration] => Array
        (
            [username] => pratik
            [email] => pratusyaharsora@gmail.com
            [phone] => 7096441340
            [password] => 123123
            [otp] => 922989
            [otp_time] => 1720687830
        )

    [razorpay_order_id] => order_OXGVoATKOrRnRT
    [payment_error] => Missing required data for payment verification
    [username] => pratik
    [payment_status] => 
)

[2024-07-11 12:35:57] Session data at login start: Array
(
)

[2024-07-11 12:36:06] Session data at login start: Array
(
)

[2024-07-11 12:36:06] Login attempt for user: pratik
[2024-07-11 12:36:06] User not found: pratik
[2024-07-11 12:37:19] Session data at login start: Array
(
    [registration] => Array
        (
            [username] => dhruvil
            [email] => pratusyaharsora@gmail.com
            [phone] => 7096441340
            [password] => 5656
            [otp] => 344333
            [otp_time] => 1720694234
        )

)

[2024-07-11 13:22:27] Session data at login start: Array
(
    [registration] => Array
        (
            [username] => dhruvil
            [email] => pratusyaharsora@gmail.com
            [phone] => 7096441340
            [password] => 5656
            [otp] => 344333
            [otp_time] => 1720694234
        )

)

[2024-07-11 13:27:09] Session data at login start: Array
(
    [registration] => Array
        (
            [username] => pratik
            [email] => pratusyaharsora@gmail.com
            [phone] => 7096441340
            [password] => 123
            [otp] => 820560
            [otp_time] => 1720697212
        )

)

[2024-07-11 13:28:13] Session data at login start: Array
(
    [registration] => Array
        (
            [username] => dhruvil
            [email] => pratusyaharsora@gmail.com
            [phone] => 7096441340
            [password] => 123
            [otp] => 194996
            [otp_time] => 1720697241
        )

    [razorpay_order_id] => order_OXJBbSqrr2TFfx
    [payment_error] => Missing required data for payment verification
)

[2024-07-11 13:28:23] Session data at login start: Array
(
    [registration] => Array
        (
            [username] => dhruvil
            [email] => pratusyaharsora@gmail.com
            [phone] => 7096441340
            [password] => 123
            [otp] => 194996
            [otp_time] => 1720697241
        )

    [razorpay_order_id] => order_OXJBbSqrr2TFfx
    [payment_error] => Missing required data for payment verification
)

[2024-07-11 13:28:23] Login attempt for user: dhruvil
[2024-07-11 13:28:23] User data from database: Array
(
    [id] => 51
    [username] => dhruvil
    [password] => $2y$10$s0OdMiHS/dHeNqYDTe0ls.h1DUAgOB7MrjU4SeQbShSXEUrwGXlGm
    [email] => pratusyaharsora@gmail.com
    [phone] => 7096441340
    [create_datetime] => 2024-07-11 13:27:48
    [reset_token] => 
    [reset_token_expires] => 
    [payment_status] => 
    [registration_date] => 2024-07-11 16:57:48
    [last_login] => 
    [user_role] => user
    [verified] => 0
    [verification_token] => 
)

[2024-07-11 13:28:23] User not verified: dhruvil
[2024-07-11 13:28:37] Session data at login start: Array
(
    [registration] => Array
        (
            [username] => dhruvil
            [email] => pratusyaharsora@gmail.com
            [phone] => 7096441340
            [password] => 123
            [otp] => 194996
            [otp_time] => 1720697241
        )

    [razorpay_order_id] => order_OXJBbSqrr2TFfx
    [payment_error] => Missing required data for payment verification
)

[2024-07-11 13:28:37] Login attempt for user: pratik
[2024-07-11 13:28:37] User not found: pratik
[2024-07-11 13:37:05] Session data at login start: Array
(
    [registration] => Array
        (
            [username] => dhruvil
            [email] => pratusyaharsora@gmail.com
            [phone] => 7096441340
            [password] => 123
            [otp] => 546798
            [otp_time] => 1720697788
        )

    [razorpay_order_id] => order_OXJKyqLD4mHviN
    [payment_error] => Missing required data for payment verification
)

[2024-07-11 13:37:12] Session data at login start: Array
(
    [registration] => Array
        (
            [username] => dhruvil
            [email] => pratusyaharsora@gmail.com
            [phone] => 7096441340
            [password] => 123
            [otp] => 546798
            [otp_time] => 1720697788
        )

    [razorpay_order_id] => order_OXJKyqLD4mHviN
    [payment_error] => Missing required data for payment verification
)

[2024-07-11 13:37:12] Login attempt for user: dhruvil
[2024-07-11 13:37:12] User data from database: Array
(
    [id] => 52
    [username] => dhruvil
    [password] => $2y$10$oGuUV0RjgXU7R0SVhEhjE.Q2TR9HtGf71yV32/Dcpdq3sntFGn3ua
    [email] => pratusyaharsora@gmail.com
    [phone] => 7096441340
    [create_datetime] => 2024-07-11 13:36:41
    [reset_token] => 
    [reset_token_expires] => 
    [payment_status] => 
    [registration_date] => 2024-07-11 17:06:41
    [last_login] => 
    [user_role] => user
    [verified] => 0
    [verification_token] => 
)

[2024-07-11 13:37:12] User not verified: dhruvil
[2024-07-11 13:38:15] Session data at login start: Array
(
    [registration] => Array
        (
            [username] => dhruvil
            [email] => pratusyaharsora@gmail.com
            [phone] => 7096441340
            [password] => 123
            [otp] => 546798
            [otp_time] => 1720697788
        )

    [razorpay_order_id] => order_OXJKyqLD4mHviN
    [payment_error] => Missing required data for payment verification
)

[2024-07-11 13:38:15] Login attempt for user: dhruvil
[2024-07-11 13:38:15] User not found: dhruvil
[2024-07-11 13:39:13] Session data at login start: Array
(
    [registration] => Array
        (
            [username] => dhruvil
            [email] => pratusyaharsora@gmail.com
            [phone] => 7096441340
            [password] => 123
            [otp] => 723288
            [otp_time] => 1720697906
        )

    [razorpay_order_id] => order_OXJNECpHP5Cia2
    [payment_error] => Missing required data for payment verification
)

[2024-07-11 13:39:16] Session data at login start: Array
(
    [registration] => Array
        (
            [username] => dhruvil
            [email] => pratusyaharsora@gmail.com
            [phone] => 7096441340
            [password] => 123
            [otp] => 723288
            [otp_time] => 1720697906
        )

    [razorpay_order_id] => order_OXJNECpHP5Cia2
    [payment_error] => Missing required data for payment verification
)

[2024-07-11 13:39:16] Login attempt for user: dhruvil
[2024-07-11 13:39:16] User data from database: Array
(
    [id] => 53
    [username] => dhruvil
    [password] => $2y$10$gjdV/Y/m8KF3mzlGEnsRh.IFfUoVQNR9qHj7DLbelq19lshxdCy5G
    [email] => pratusyaharsora@gmail.com
    [phone] => 7096441340
    [create_datetime] => 2024-07-11 13:38:49
    [reset_token] => 
    [reset_token_expires] => 
    [payment_status] => 
    [registration_date] => 2024-07-11 17:08:49
    [last_login] => 
    [user_role] => user
    [verified] => 0
    [verification_token] => 
)

[2024-07-11 13:39:16] Password verified for user: dhruvil
[2024-07-11 13:39:16] Login successful for user: dhruvil
[2024-07-11 13:53:01] Session data at login start: Array
(
)

[2024-07-11 13:54:04] Session data at login start: Array
(
    [razorpay_order_id] => order_OXJcsJRBUXKyT8
    [payment_error] => Missing required data for payment verification
)

[2024-07-11 13:54:12] Session data at login start: Array
(
    [razorpay_order_id] => order_OXJcsJRBUXKyT8
    [payment_error] => Missing required data for payment verification
)

[2024-07-11 13:54:12] Login attempt for user: dhruvil
[2024-07-11 13:54:12] User data from database: Array
(
    [id] => 54
    [username] => dhruvil
    [password] => $2y$10$JUrxQ8CvcaUhiwjxdkqW3ef/zE7pIljxs.EhVfTMPfOrWzUfJwCwG
    [email] => pratusyaharsora@gmail.com
    [phone] => 7096441340
    [create_datetime] => 2024-07-11 13:53:37
    [reset_token] => 
    [reset_token_expires] => 
    [payment_status] => 
    [registration_date] => 2024-07-11 17:23:37
    [last_login] => 
    [user_role] => user
    [verification_token] => 
    [otp] => 164354
    [verified] => 1
)

[2024-07-11 13:54:12] Password verified for user: dhruvil
[2024-07-11 13:54:12] Login successful for user: dhruvil
[2024-07-13 07:38:29] Session data at login start: Array
(
)

[2024-07-13 07:53:11] Session data at login start: Array
(
    [admin_id] => 56
    [admin_username] => admin
)

[2024-07-13 07:55:53] Session data at login start: Array
(
)

[2024-07-13 08:14:42] Session data at login start: Array
(
    [admin_id] => 56
    [admin_username] => admin
)

[2024-07-13 08:14:56] Session data at login start: Array
(
    [admin_id] => 56
    [admin_username] => admin
)

[2024-07-13 08:14:56] Login attempt for user: yash
[2024-07-13 08:14:56] User data from database: Array
(
    [id] => 69
    [username] => yash
    [password] => $2y$10$tFin9VWeFPkOJHsXLeMJ/.bwLDnc6HUr/or.f51vUkYcbCKNOfffa
    [email] => yashgohel395@gmail.com
    [phone] => 
    [create_datetime] => 0000-00-00 00:00:00
    [reset_token] => 
    [reset_token_expires] => 
    [payment_status] => unpaid
    [registration_date] => 2024-07-13 11:44:19
    [last_login] => 
    [user_role] => user
    [verification_token] => 
    [otp] => 
    [verified] => 1
    [paid] => 1
)

[2024-07-13 08:14:57] Password verified for user: yash
[2024-07-13 08:14:57] Login successful for user: yash
[2024-07-13 08:16:16] Session data at login start: Array
(
)

[2024-07-13 08:16:58] Session data at login start: Array
(
)

[2024-07-13 08:23:40] Session data at login start: Array
(
)

[2024-07-13 08:42:46] Session data at login start: Array
(
    [admin_id] => 79
    [admin_username] => admin
)

[2024-07-13 08:44:52] Session data at login start: Array
(
    [admin_id] => 79
    [admin_username] => admin
    [registration_closed] => 1
)

[2024-07-13 08:44:58] Session data at login start: Array
(
    [admin_id] => 79
    [admin_username] => admin
    [registration_closed] => 1
)

[2024-07-13 08:45:05] Session data at login start: Array
(
    [admin_id] => 79
    [admin_username] => admin
    [registration_closed] => 1
)

[2024-07-13 08:45:17] Session data at login start: Array
(
    [admin_id] => 79
    [admin_username] => admin
    [registration_closed] => 1
)

[2024-07-13 08:45:23] Session data at login start: Array
(
    [admin_id] => 79
    [admin_username] => admin
    [registration_closed] => 1
)

[2024-07-13 08:46:33] Session data at login start: Array
(
    [admin_id] => 79
    [admin_username] => admin
    [registration_closed] => 1
)

[2024-07-13 10:50:51] Session data at login start: Array
(
)

[2024-07-13 11:33:51] Session data at login start: Array
(
)

[2024-07-13 11:34:14] Session data at login start: Array
(
)

[2024-07-15 12:00:57] Session data at login start: Array
(
)

[2024-07-15 12:08:56] Session data at login start: Array
(
)

[2024-07-15 12:09:02] Session data at login start: Array
(
)

[2024-07-15 12:09:02] Login attempt for user: dhruvil
[2024-07-15 12:09:02] User data from database: Array
(
    [id] => 86
    [username] => dhruvil
    [password] => $2y$10$S.2WXq/oDWYWJrHmO9Lin.Ek0zUgDv975LBwRkYmQ6E7XajW5HMye
    [email] => pratusyaharsora@gmail.com
    [phone] => 7096441340
    [create_datetime] => 0000-00-00 00:00:00
    [reset_token] => 
    [reset_token_expires] => 
    [payment_status] => unpaid
    [registration_date] => 2024-07-15 15:38:53
    [last_login] => 
    [verification_token] => 
    [otp] => 
    [paid] => 0
    [user_role] => user
    [verified] => 0
)

[2024-07-15 12:09:02] Password verified for user: dhruvil
[2024-07-15 12:09:02] Email not verified for user: dhruvil
[2024-07-15 12:10:34] Session data at login start: Array
(
)

[2024-07-15 12:10:34] Login attempt for user: dhruvil
[2024-07-15 12:10:34] User data from database: Array
(
    [id] => 86
    [username] => dhruvil
    [password] => $2y$10$S.2WXq/oDWYWJrHmO9Lin.Ek0zUgDv975LBwRkYmQ6E7XajW5HMye
    [email] => pratusyaharsora@gmail.com
    [phone] => 7096441340
    [create_datetime] => 0000-00-00 00:00:00
    [reset_token] => 
    [reset_token_expires] => 
    [registration_date] => 2024-07-15 15:38:53
    [last_login] => 
    [otp] => 
    [verified] => 0
    [paid] => 0
)

[2024-07-15 12:10:34] Password verified for user: dhruvil
[2024-07-15 12:10:34] Email not verified for user: dhruvil
[2024-07-15 12:10:38] Session data at login start: Array
(
)

[2024-07-15 12:10:38] Login attempt for user: dhruvil
[2024-07-15 12:10:38] User data from database: Array
(
    [id] => 86
    [username] => dhruvil
    [password] => $2y$10$S.2WXq/oDWYWJrHmO9Lin.Ek0zUgDv975LBwRkYmQ6E7XajW5HMye
    [email] => pratusyaharsora@gmail.com
    [phone] => 7096441340
    [create_datetime] => 0000-00-00 00:00:00
    [reset_token] => 
    [reset_token_expires] => 
    [registration_date] => 2024-07-15 15:38:53
    [last_login] => 
    [otp] => 
    [verified] => 0
    [paid] => 0
)

[2024-07-15 12:10:38] Password verified for user: dhruvil
[2024-07-15 12:10:38] Email not verified for user: dhruvil
[2024-07-15 12:15:16] Session data at login start: Array
(
)

[2024-07-15 12:15:16] Login attempt for user: dhruvil
[2024-07-15 12:15:16] User data from database: Array
(
    [id] => 86
    [username] => dhruvil
    [password] => $2y$10$S.2WXq/oDWYWJrHmO9Lin.Ek0zUgDv975LBwRkYmQ6E7XajW5HMye
    [email] => pratusyaharsora@gmail.com
    [phone] => 7096441340
    [create_datetime] => 0000-00-00 00:00:00
    [reset_token] => 
    [reset_token_expires] => 
    [registration_date] => 2024-07-15 15:38:53
    [last_login] => 
    [otp] => 
    [verified] => 0
    [paid] => 0
)

[2024-07-15 12:15:16] Password verified for user: dhruvil
[2024-07-15 12:15:16] Email not verified for user: dhruvil
[2024-07-15 12:15:27] Session data at login start: Array
(
)

[2024-07-15 12:15:33] Session data at login start: Array
(
)

[2024-07-15 12:15:33] Login attempt for user: dhruvil
[2024-07-15 12:15:33] User data from database: Array
(
    [id] => 86
    [username] => dhruvil
    [password] => $2y$10$S.2WXq/oDWYWJrHmO9Lin.Ek0zUgDv975LBwRkYmQ6E7XajW5HMye
    [email] => pratusyaharsora@gmail.com
    [phone] => 7096441340
    [create_datetime] => 0000-00-00 00:00:00
    [reset_token] => 
    [reset_token_expires] => 
    [registration_date] => 2024-07-15 15:38:53
    [last_login] => 
    [otp] => 
    [verified] => 0
    [paid] => 0
)

[2024-07-15 12:15:34] Password verified for user: dhruvil
[2024-07-15 12:15:34] Email not verified for user: dhruvil
[2024-07-15 12:23:05] Session data at login start: Array
(
)

[2024-07-15 12:23:05] Login attempt for user: dhruvil
[2024-07-15 12:23:05] User data from database: Array
(
    [id] => 86
    [username] => dhruvil
    [password] => $2y$10$S.2WXq/oDWYWJrHmO9Lin.Ek0zUgDv975LBwRkYmQ6E7XajW5HMye
    [email] => pratusyaharsora@gmail.com
    [phone] => 7096441340
    [create_datetime] => 0000-00-00 00:00:00
    [reset_token] => 
    [reset_token_expires] => 
    [registration_date] => 2024-07-15 15:38:53
    [last_login] => 
    [otp] => 
    [verified] => 0
    [paid] => 0
)

[2024-07-15 12:23:05] Password verified for user: dhruvil
[2024-07-15 12:23:05] Email not verified for user: dhruvil
[2024-07-15 12:23:15] Session data at login start: Array
(
)

[2024-07-15 12:23:43] Session data at login start: Array
(
)

[2024-07-15 12:23:46] Session data at login start: Array
(
)

[2024-07-15 12:23:46] Login attempt for user: dhruvil
[2024-07-15 12:23:46] User data from database: Array
(
    [id] => 87
    [username] => dhruvil
    [password] => $2y$10$Hv54YykTpympOZC512Z3sOD6LsvKrESMeZHOPjgUe4bvZTd7yTKDu
    [email] => pratusyaharsora@gmail.com
    [phone] => 7096441340
    [create_datetime] => 0000-00-00 00:00:00
    [reset_token] => 
    [reset_token_expires] => 
    [registration_date] => 2024-07-15 15:53:41
    [last_login] => 
    [otp] => 
    [verified] => 1
    [paid] => 0
)

[2024-07-15 12:23:47] Password verified for user: dhruvil
[2024-07-15 12:23:47] Login successful for user: dhruvil
[2024-07-15 12:25:29] Session data at login start: Array
(
)

[2024-07-15 12:26:32] Session data at login start: Array
(
)

[2024-07-15 12:26:39] Session data at login start: Array
(
)

[2024-07-15 12:26:39] Login attempt for user: yash
[2024-07-15 12:26:39] User data from database: Array
(
    [id] => 88
    [username] => yash
    [password] => $2y$10$aJYdw8MUkiu2UCQwP2Q4BO0AJxls0P.7mDQgZ3bJqXztv1/9k.qQW
    [email] => yashgohel395@gmail.com
    [phone] => 7046547026
    [create_datetime] => 0000-00-00 00:00:00
    [reset_token] => 
    [reset_token_expires] => 
    [registration_date] => 2024-07-15 15:56:30
    [last_login] => 
    [otp] => 
    [verified] => 1
    [paid] => 0
)

[2024-07-15 12:26:39] Password verified for user: yash
[2024-07-15 12:26:39] Login successful for user: yash
[2024-07-15 12:27:25] Session data at login start: Array
(
)

[2024-07-15 12:27:34] Session data at login start: Array
(
)

[2024-07-15 12:27:34] Login attempt for user: dhruvil
[2024-07-15 12:27:34] User data from database: Array
(
    [id] => 87
    [username] => dhruvil
    [password] => $2y$10$Hv54YykTpympOZC512Z3sOD6LsvKrESMeZHOPjgUe4bvZTd7yTKDu
    [email] => pratusyaharsora@gmail.com
    [phone] => 7096441340
    [create_datetime] => 0000-00-00 00:00:00
    [reset_token] => 
    [reset_token_expires] => 
    [registration_date] => 2024-07-15 15:53:41
    [last_login] => 
    [otp] => 
    [verified] => 1
    [paid] => 0
)

[2024-07-15 12:27:34] Password verified for user: dhruvil
[2024-07-15 12:27:34] Login successful for user: dhruvil
[2024-07-15 12:28:04] Session data at login start: Array
(
)

[2024-07-15 12:28:11] Session data at login start: Array
(
)

[2024-07-15 12:28:11] Login attempt for user: yash
[2024-07-15 12:28:11] User data from database: Array
(
    [id] => 88
    [username] => yash
    [password] => $2y$10$aJYdw8MUkiu2UCQwP2Q4BO0AJxls0P.7mDQgZ3bJqXztv1/9k.qQW
    [email] => yashgohel395@gmail.com
    [phone] => 7046547026
    [create_datetime] => 0000-00-00 00:00:00
    [reset_token] => 
    [reset_token_expires] => 
    [registration_date] => 2024-07-15 15:56:30
    [last_login] => 
    [otp] => 
    [verified] => 1
    [paid] => 0
)

[2024-07-15 12:28:11] Password verified for user: yash
[2024-07-15 12:28:11] Login successful for user: yash
[2024-07-15 12:49:05] Session data at login start: Array
(
)

[2024-07-15 12:49:10] Session data at login start: Array
(
)

[2024-07-15 12:49:10] Login attempt for user: yash
[2024-07-15 12:49:10] User data from database: Array
(
    [id] => 88
    [username] => yash
    [password] => $2y$10$aJYdw8MUkiu2UCQwP2Q4BO0AJxls0P.7mDQgZ3bJqXztv1/9k.qQW
    [email] => yashgohel395@gmail.com
    [phone] => 7046547026
    [create_datetime] => 0000-00-00 00:00:00
    [reset_token] => 
    [reset_token_expires] => 
    [registration_date] => 2024-07-15 15:56:30
    [last_login] => 
    [otp] => 
    [verified] => 1
    [paid] => 0
)

[2024-07-15 12:49:11] Password verified for user: yash
[2024-07-15 12:49:11] Login successful for user: yash
[2024-07-15 12:49:32] Session data at login start: Array
(
)

[2024-07-15 12:49:36] Session data at login start: Array
(
)

[2024-07-15 12:49:36] Login attempt for user: dhruvil
[2024-07-15 12:49:36] User data from database: Array
(
    [id] => 87
    [username] => dhruvil
    [password] => $2y$10$Hv54YykTpympOZC512Z3sOD6LsvKrESMeZHOPjgUe4bvZTd7yTKDu
    [email] => pratusyaharsora@gmail.com
    [phone] => 7096441340
    [create_datetime] => 0000-00-00 00:00:00
    [reset_token] => 
    [reset_token_expires] => 
    [registration_date] => 2024-07-15 15:53:41
    [last_login] => 
    [otp] => 
    [verified] => 1
    [paid] => 0
)

[2024-07-15 12:49:36] Password verified for user: dhruvil
[2024-07-15 12:49:36] Login successful for user: dhruvil
[2024-07-15 12:59:53] Session data at login start: Array
(
)

[2024-07-15 13:00:48] Session data at login start: Array
(
    [registration] => Array
        (
            [username] => pratik
            [email] => harsora2006@gmail.com
            [phone] => 6546548798
            [password] => 12345
            [otp] => 345022
            [otp_time] => 1721041244
        )

)

[2024-07-15 13:00:48] Session data at login start: Array
(
    [registration] => Array
        (
            [username] => pratik
            [email] => harsora2006@gmail.com
            [phone] => 6546548798
            [password] => 12345
            [otp] => 345022
            [otp_time] => 1721041244
        )

)

[2024-07-15 13:00:48] Session data at login start: Array
(
    [registration] => Array
        (
            [username] => pratik
            [email] => harsora2006@gmail.com
            [phone] => 6546548798
            [password] => 12345
            [otp] => 345022
            [otp_time] => 1721041244
        )

)

[2024-07-15 13:00:52] Session data at login start: Array
(
    [registration] => Array
        (
            [username] => pratik
            [email] => harsora2006@gmail.com
            [phone] => 6546548798
            [password] => 12345
            [otp] => 345022
            [otp_time] => 1721041244
        )

)

[2024-07-15 13:00:52] Login attempt for user: dhruvil
[2024-07-15 13:00:52] User data from database: Array
(
    [id] => 87
    [username] => dhruvil
    [password] => $2y$10$Hv54YykTpympOZC512Z3sOD6LsvKrESMeZHOPjgUe4bvZTd7yTKDu
    [email] => pratusyaharsora@gmail.com
    [phone] => 7096441340
    [create_datetime] => 0000-00-00 00:00:00
    [reset_token] => 
    [reset_token_expires] => 
    [registration_date] => 2024-07-15 15:53:41
    [last_login] => 
    [otp] => 
    [verified] => 1
    [paid] => 0
)

[2024-07-15 13:00:52] Password verified for user: dhruvil
[2024-07-15 13:00:52] Login successful for user: dhruvil
[2024-07-15 13:35:16] Session data at login start: Array
(
)

[2024-07-15 13:35:19] Session data at login start: Array
(
)

[2024-07-15 13:35:19] Login attempt for user: dhruvil
[2024-07-15 13:35:19] User data from database: Array
(
    [id] => 87
    [username] => dhruvil
    [password] => $2y$10$Hv54YykTpympOZC512Z3sOD6LsvKrESMeZHOPjgUe4bvZTd7yTKDu
    [email] => pratusyaharsora@gmail.com
    [phone] => 7096441340
    [create_datetime] => 0000-00-00 00:00:00
    [reset_token] => 
    [reset_token_expires] => 
    [registration_date] => 2024-07-15 15:53:41
    [last_login] => 
    [otp] => 
    [verified] => 1
    [paid] => 0
)

[2024-07-15 13:35:20] Password verified for user: dhruvil
[2024-07-15 13:35:20] Login successful for user: dhruvil
[2024-07-15 13:44:44] Session data at login start: Array
(
)

[2024-07-15 13:44:46] Session data at login start: Array
(
)

[2024-07-15 13:44:46] Session data at login start: Array
(
)

[2024-07-15 13:44:46] Session data at login start: Array
(
)

[2024-07-15 13:44:46] Session data at login start: Array
(
)

[2024-07-15 13:44:53] Session data at login start: Array
(
)

[2024-07-15 13:44:53] Login attempt for user: yash
[2024-07-15 13:44:53] User data from database: Array
(
    [id] => 88
    [username] => yash
    [password] => $2y$10$aJYdw8MUkiu2UCQwP2Q4BO0AJxls0P.7mDQgZ3bJqXztv1/9k.qQW
    [email] => yashgohel395@gmail.com
    [phone] => 7046547026
    [create_datetime] => 0000-00-00 00:00:00
    [reset_token] => 
    [reset_token_expires] => 
    [registration_date] => 2024-07-15 15:56:30
    [last_login] => 
    [otp] => 
    [verified] => 1
    [paid] => 0
)

[2024-07-15 13:44:53] Password verified for user: yash
[2024-07-15 13:44:53] Login successful for user: yash
[2024-07-15 13:45:53] Session data at login start: Array
(
)

[2024-07-15 13:45:57] Session data at login start: Array
(
)

[2024-07-15 13:45:57] Login attempt for user: yash
[2024-07-15 13:45:57] User data from database: Array
(
    [id] => 88
    [username] => yash
    [password] => $2y$10$aJYdw8MUkiu2UCQwP2Q4BO0AJxls0P.7mDQgZ3bJqXztv1/9k.qQW
    [email] => yashgohel395@gmail.com
    [phone] => 7046547026
    [create_datetime] => 0000-00-00 00:00:00
    [reset_token] => 
    [reset_token_expires] => 
    [registration_date] => 2024-07-15 15:56:30
    [last_login] => 
    [otp] => 
    [verified] => 1
    [paid] => 0
)

[2024-07-15 13:45:57] Incorrect password for user: yash
[2024-07-15 13:46:04] Session data at login start: Array
(
)

[2024-07-15 13:46:04] Login attempt for user: yash
[2024-07-15 13:46:04] User data from database: Array
(
    [id] => 88
    [username] => yash
    [password] => $2y$10$aJYdw8MUkiu2UCQwP2Q4BO0AJxls0P.7mDQgZ3bJqXztv1/9k.qQW
    [email] => yashgohel395@gmail.com
    [phone] => 7046547026
    [create_datetime] => 0000-00-00 00:00:00
    [reset_token] => 
    [reset_token_expires] => 
    [registration_date] => 2024-07-15 15:56:30
    [last_login] => 
    [otp] => 
    [verified] => 1
    [paid] => 0
)

[2024-07-15 13:46:04] Password verified for user: yash
[2024-07-15 13:46:04] Login successful for user: yash
[2024-07-15 14:00:54] Session data at login start: Array
(
)

[2024-07-15 14:01:31] Session data at login start: Array
(
    [registered_username] => meet
)

[2024-07-15 14:01:36] Session data at login start: Array
(
)

[2024-07-15 14:01:36] Login attempt for user: meet
[2024-07-15 14:01:36] User data from database: Array
(
    [id] => 89
    [username] => meet
    [password] => $2y$10$/4UvzafiVD1nHagUhRxnMesR5Qsm0qfLb.bq8SWABku4.k78mp51m
    [email] => harsorapratik78@gmail.com
    [phone] => 7096441340
    [create_datetime] => 0000-00-00 00:00:00
    [reset_token] => 
    [reset_token_expires] => 
    [registration_date] => 2024-07-15 17:31:29
    [last_login] => 
    [otp] => 
    [verified] => 1
    [paid] => 0
)

[2024-07-15 14:01:36] Password verified for user: meet
[2024-07-15 14:01:36] Login successful for user: meet
[2024-07-15 14:48:32] Session data at login start: Array
(
)

[2024-07-15 14:48:38] Session data at login start: Array
(
)

[2024-07-15 14:48:38] Login attempt for user: dhruvil
[2024-07-15 14:48:38] User data from database: Array
(
    [id] => 87
    [username] => dhruvil
    [password] => $2y$10$Hv54YykTpympOZC512Z3sOD6LsvKrESMeZHOPjgUe4bvZTd7yTKDu
    [email] => pratusyaharsora@gmail.com
    [phone] => 7096441340
    [create_datetime] => 0000-00-00 00:00:00
    [reset_token] => 
    [reset_token_expires] => 
    [registration_date] => 2024-07-15 15:53:41
    [last_login] => 
    [otp] => 
    [verified] => 1
    [paid] => 0
)

[2024-07-15 14:48:38] Password verified for user: dhruvil
[2024-07-15 14:48:38] Login successful for user: dhruvil
[2024-07-15 14:51:27] Session data at login start: Array
(
)

[2024-07-15 14:52:28] Session data at login start: Array
(
    [registered_username] => dhruvil
)

[2024-07-15 14:52:32] Session data at login start: Array
(
)

[2024-07-15 14:52:32] Login attempt for user: dhruvil
[2024-07-15 14:52:32] User data from database: Array
(
    [id] => 90
    [username] => dhruvil
    [password] => $2y$10$scojttlJXQW5pwWprBP9jewfqoIYZvnAKiEYvk2vFI1Adu/B66MZ.
    [email] => pratusyaharsora@gmail.com
    [phone] => 7096441340
    [create_datetime] => 0000-00-00 00:00:00
    [reset_token] => 
    [reset_token_expires] => 
    [registration_date] => 2024-07-15 18:22:27
    [last_login] => 
    [otp] => 
    [verified] => 1
    [paid] => 0
)

[2024-07-15 14:52:33] Password verified for user: dhruvil
[2024-07-15 14:52:33] Login successful for user: dhruvil
[2024-07-15 15:15:02] Session data at login start: Array
(
)

[2024-07-15 15:15:06] Session data at login start: Array
(
)

[2024-07-15 15:15:06] Login attempt for user: dfgdfgfdg
[2024-07-15 15:15:06] User not found: dfgdfgfdg
[2024-07-15 15:15:15] Session data at login start: Array
(
)

[2024-07-15 15:15:21] Session data at login start: Array
(
)

[2024-07-15 15:15:21] Login attempt for user: dhruvil
[2024-07-15 15:15:21] User data from database: Array
(
    [id] => 90
    [username] => dhruvil
    [password] => $2y$10$scojttlJXQW5pwWprBP9jewfqoIYZvnAKiEYvk2vFI1Adu/B66MZ.
    [email] => pratusyaharsora@gmail.com
    [phone] => 7096441340
    [create_datetime] => 0000-00-00 00:00:00
    [reset_token] => 
    [reset_token_expires] => 
    [registration_date] => 2024-07-15 18:22:27
    [last_login] => 
    [otp] => 
    [verified] => 1
    [paid] => 0
)

[2024-07-15 15:15:21] Incorrect password for user: dhruvil
[2024-07-15 15:15:28] Session data at login start: Array
(
)

[2024-07-15 15:15:28] Login attempt for user: dhruvil
[2024-07-15 15:15:28] User data from database: Array
(
    [id] => 90
    [username] => dhruvil
    [password] => $2y$10$scojttlJXQW5pwWprBP9jewfqoIYZvnAKiEYvk2vFI1Adu/B66MZ.
    [email] => pratusyaharsora@gmail.com
    [phone] => 7096441340
    [create_datetime] => 0000-00-00 00:00:00
    [reset_token] => 
    [reset_token_expires] => 
    [registration_date] => 2024-07-15 18:22:27
    [last_login] => 
    [otp] => 
    [verified] => 1
    [paid] => 0
)

[2024-07-15 15:15:28] Incorrect password for user: dhruvil
[2024-07-15 15:15:50] Session data at login start: Array
(
)

[2024-07-15 15:15:50] Login attempt for user: dhruvil
[2024-07-15 15:15:50] User data from database: Array
(
    [id] => 90
    [username] => dhruvil
    [password] => $2y$10$scojttlJXQW5pwWprBP9jewfqoIYZvnAKiEYvk2vFI1Adu/B66MZ.
    [email] => pratusyaharsora@gmail.com
    [phone] => 7096441340
    [create_datetime] => 0000-00-00 00:00:00
    [reset_token] => 
    [reset_token_expires] => 
    [registration_date] => 2024-07-15 18:22:27
    [last_login] => 
    [otp] => 
    [verified] => 1
    [paid] => 0
)

[2024-07-15 15:15:50] Incorrect password for user: dhruvil
[2024-07-15 15:15:54] Session data at login start: Array
(
)

[2024-07-15 15:15:54] Login attempt for user: dhruvil
[2024-07-15 15:15:54] User data from database: Array
(
    [id] => 90
    [username] => dhruvil
    [password] => $2y$10$scojttlJXQW5pwWprBP9jewfqoIYZvnAKiEYvk2vFI1Adu/B66MZ.
    [email] => pratusyaharsora@gmail.com
    [phone] => 7096441340
    [create_datetime] => 0000-00-00 00:00:00
    [reset_token] => 
    [reset_token_expires] => 
    [registration_date] => 2024-07-15 18:22:27
    [last_login] => 
    [otp] => 
    [verified] => 1
    [paid] => 0
)

[2024-07-15 15:15:55] Incorrect password for user: dhruvil
[2024-07-15 15:16:18] Session data at login start: Array
(
)

[2024-07-15 15:16:18] Login attempt for user: dhruvil
[2024-07-15 15:16:18] User data from database: Array
(
    [id] => 90
    [username] => dhruvil
    [password] => $2y$10$scojttlJXQW5pwWprBP9jewfqoIYZvnAKiEYvk2vFI1Adu/B66MZ.
    [email] => pratusyaharsora@gmail.com
    [phone] => 7096441340
    [create_datetime] => 0000-00-00 00:00:00
    [reset_token] => 
    [reset_token_expires] => 
    [registration_date] => 2024-07-15 18:22:27
    [last_login] => 
    [otp] => 
    [verified] => 1
    [paid] => 0
)

[2024-07-15 15:16:18] Incorrect password for user: dhruvil
[2024-07-15 15:16:38] Session data at login start: Array
(
    [admin_id] => 1
    [admin_username] => admin
)

[2024-07-15 15:16:38] Login attempt for user: dhruvil123456
[2024-07-15 15:16:38] User not found: dhruvil123456
[2024-07-15 15:16:44] Session data at login start: Array
(
    [admin_id] => 1
    [admin_username] => admin
)

[2024-07-15 15:16:44] Login attempt for user: dhruvil
[2024-07-15 15:16:44] User data from database: Array
(
    [id] => 90
    [username] => dhruvil
    [password] => $2y$10$scojttlJXQW5pwWprBP9jewfqoIYZvnAKiEYvk2vFI1Adu/B66MZ.
    [email] => pratusyaharsora@gmail.com
    [phone] => 7096441340
    [create_datetime] => 0000-00-00 00:00:00
    [reset_token] => 
    [reset_token_expires] => 
    [registration_date] => 2024-07-15 18:22:27
    [last_login] => 
    [otp] => 
    [verified] => 1
    [paid] => 0
)

[2024-07-15 15:16:44] Incorrect password for user: dhruvil
[2024-07-15 15:17:15] Session data at login start: Array
(
    [admin_id] => 1
    [admin_username] => admin
    [registered_username] => pratik
)

[2024-07-15 15:17:18] Session data at login start: Array
(
    [admin_id] => 1
    [admin_username] => admin
)

[2024-07-15 15:17:18] Login attempt for user: pratik
[2024-07-15 15:17:18] User data from database: Array
(
    [id] => 91
    [username] => pratik
    [password] => $2y$10$kNp3NdUVpGWH14tPyXK50ekOOaiebMVJ6ePD1J8y8RBS7W5dX4xpO
    [email] => pratikharsora41@gmail.com
    [phone] => 7096441340
    [create_datetime] => 0000-00-00 00:00:00
    [reset_token] => 
    [reset_token_expires] => 
    [registration_date] => 2024-07-15 18:47:14
    [last_login] => 
    [otp] => 
    [verified] => 1
    [paid] => 0
)

[2024-07-15 15:17:18] Password verified for user: pratik
[2024-07-15 15:17:18] Login successful for user: pratik
[2024-07-15 15:18:18] Session data at login start: Array
(
)

[2024-07-15 15:18:32] Session data at login start: Array
(
)

[2024-07-15 15:19:16] Session data at login start: Array
(
)

[2024-07-15 15:20:05] Session data at login start: Array
(
    [admin_id] => 1
    [admin_username] => admin
)

[2024-07-15 15:20:51] Session data at login start: Array
(
    [admin_id] => 1
    [admin_username] => admin
    [registered_username] => yash
)

[2024-07-15 15:21:03] Session data at login start: Array
(
    [admin_id] => 1
    [admin_username] => admin
)

[2024-07-15 15:21:03] Login attempt for user: yashgohel395@gmail.com
[2024-07-15 15:21:03] User not found: yashgohel395@gmail.com
[2024-07-15 15:21:10] Session data at login start: Array
(
    [admin_id] => 1
    [admin_username] => admin
)

[2024-07-15 15:21:10] Login attempt for user: yash
[2024-07-15 15:21:10] User data from database: Array
(
    [id] => 92
    [username] => yash
    [password] => $2y$10$fkvyB/4SNS5Bkft/2L3Ch.NUi3dr5eiGQNzBL4z86fdedDxOWdh1S
    [email] => yashgohel395@gmail.com
    [phone] => 7046547026
    [create_datetime] => 0000-00-00 00:00:00
    [reset_token] => 
    [reset_token_expires] => 
    [registration_date] => 2024-07-15 18:50:49
    [last_login] => 
    [otp] => 
    [verified] => 1
    [paid] => 0
)

[2024-07-15 15:21:10] Password verified for user: yash
[2024-07-15 15:21:10] Login successful for user: yash
